\BOOKMARK [0][-]{chapter*.2}{\376\377\000M\000o\000t\000i\000v\000a\000t\000i\000o\000n}{}% 1
\BOOKMARK [0][-]{chapter*.3}{\376\377\000I\000n\000t\000r\000o\000d\000u\000c\000t\000i\000o\000n}{}% 2
\BOOKMARK [1][-]{section.0.1}{\376\377\000C\000o\000n\000t\000e\000x\000t}{chapter*.3}% 3
\BOOKMARK [1][-]{section.0.2}{\376\377\000P\000u\000r\000p\000o\000s\000e\000\040\000a\000n\000d\000\040\000m\000o\000d\000u\000s\000\040\000o\000p\000e\000r\000a\000n\000d\000i}{chapter*.3}% 4
\BOOKMARK [1][-]{section.0.3}{\376\377\000P\000e\000r\000s\000o\000n\000a\000l\000\040\000c\000o\000n\000t\000r\000i\000b\000u\000t\000i\000o\000n\000s}{chapter*.3}% 5
\BOOKMARK [1][-]{section.0.4}{\376\377\000S\000t\000r\000u\000c\000t\000u\000r\000e}{chapter*.3}% 6
\BOOKMARK [1][-]{section.0.5}{\376\377\000A\000c\000k\000n\000o\000w\000l\000e\000d\000g\000e\000m\000e\000n\000t\000s}{chapter*.3}% 7
\BOOKMARK [0][-]{chapter.1}{\376\377\000S\000i\000m\000i\000l\000a\000r\000\040\000a\000p\000p\000l\000i\000c\000a\000t\000i\000o\000n\000s}{}% 8
\BOOKMARK [1][-]{section.1.1}{\376\377\000S\000p\000e\000k\000t\000r\000u\000m}{chapter.1}% 9
\BOOKMARK [1][-]{section.1.2}{\376\377\000M\000u\000s\000e\000N\000e\000t}{chapter.1}% 10
\BOOKMARK [1][-]{section.1.3}{\376\377\000M\000a\000g\000e\000n\000t\000a}{chapter.1}% 11
\BOOKMARK [0][-]{chapter.2}{\376\377\000T\000i\000t\000l\000u\000l\000\040\000c\000e\000l\000u\000i\000\040\000d\000e\000-\000a\000l\000\040\000d\000o\000i\000l\000e\000a\000\040\000c\000a\000p\000i\000t\000o\000l}{}% 12
\BOOKMARK [1][-]{section.2.1}{\376\377\000T\000i\000t\000l\000u\000l\000\040\000s\000e\000c\002\033\000i\000u\000n\000i\000i\000\040\0001}{chapter.2}% 13
\BOOKMARK [1][-]{section.2.2}{\376\377\000T\000i\000t\000l\000u\000l\000\040\000s\000e\000c\002\033\000i\000u\000n\000i\000i\000\040\0002}{chapter.2}% 14
\BOOKMARK [1][-]{section.2.3}{\376\377\000T\000i\000t\000l\000u\000l\000\040\000s\000e\000c\002\033\000i\000u\000n\000i\000i\000\040\0003}{chapter.2}% 15
\BOOKMARK [0][-]{chapter.3}{\376\377\000T\000i\000t\000l\000u\000l\000\040\000c\000e\000l\000u\000i\000\040\000d\000e\000-\000a\000l\000\040\000t\000r\000e\000i\000l\000e\000a\000\040\000c\000a\000p\000i\000t\000o\000l}{}% 16
\BOOKMARK [1][-]{section.3.1}{\376\377\000T\000i\000t\000l\000u\000l\000\040\000s\000e\000c\002\033\000i\000u\000n\000i\000i\000\040\0001}{chapter.3}% 17
\BOOKMARK [1][-]{section.3.2}{\376\377\000T\000i\000t\000l\000u\000l\000\040\000s\000e\000c\002\033\000i\000u\000n\000i\000i\000\040\0002}{chapter.3}% 18
\BOOKMARK [0][-]{chapter*.4}{\376\377\000C\000o\000n\000c\000l\000u\000z\000i\000i}{}% 19
\BOOKMARK [0][-]{chapter*.4}{\376\377\000B\000i\000b\000l\000i\000o\000g\000r\000a\000p\000h\000y}{}% 20
