This is pdfTeX, Version 3.14159265-2.6-1.40.21 (TeX Live 2020/Arch Linux) (preloaded format=pdflatex 2021.4.20)  21 JUN 2021 20:22
entering extended mode
 restricted \write18 enabled.
 file:line:error style messages enabled.
 %&-line parsing enabled.
**main.tex
(./main.tex
LaTeX2e <2020-10-01> patch level 2
L3 programming layer <2020-12-03> xparse <2020-03-03> (/usr/share/texmf-dist/tex/latex/base/report.cls
Document Class: report 2020/04/10 v1.4m Standard LaTeX document class
(/usr/share/texmf-dist/tex/latex/base/size12.clo
File: size12.clo 2020/04/10 v1.4m Standard LaTeX file (size option)
)
\c@part=\count177
\c@chapter=\count178
\c@section=\count179
\c@subsection=\count180
\c@subsubsection=\count181
\c@paragraph=\count182
\c@subparagraph=\count183
\c@figure=\count184
\c@table=\count185
\abovecaptionskip=\skip47
\belowcaptionskip=\skip48
\bibindent=\dimen138
) (/usr/share/texmf-dist/tex/latex/geometry/geometry.sty
Package: geometry 2020/01/02 v5.9 Page Geometry
 (/usr/share/texmf-dist/tex/latex/graphics/keyval.sty
Package: keyval 2014/10/28 v1.15 key=value parser (DPC)
\KV@toks@=\toks15
) (/usr/share/texmf-dist/tex/generic/iftex/ifvtex.sty
Package: ifvtex 2019/10/25 v1.7 ifvtex legacy package. Use iftex instead.
 (/usr/share/texmf-dist/tex/generic/iftex/iftex.sty
Package: iftex 2020/03/06 v1.0d TeX engine tests
))
\Gm@cnth=\count186
\Gm@cntv=\count187
\c@Gm@tempcnt=\count188
\Gm@bindingoffset=\dimen139
\Gm@wd@mp=\dimen140
\Gm@odd@mp=\dimen141
\Gm@even@mp=\dimen142
\Gm@layoutwidth=\dimen143
\Gm@layoutheight=\dimen144
\Gm@layouthoffset=\dimen145
\Gm@layoutvoffset=\dimen146
\Gm@dimlist=\toks16
) (/usr/share/texmf-dist/tex/latex/base/inputenc.sty
Package: inputenc 2020/08/01 v1.3d Input encoding file
\inpenc@prehook=\toks17
\inpenc@posthook=\toks18
) (/usr/share/texmf-dist/tex/latex/psnfss/palatino.sty
Package: palatino 2020/03/25 PSNFSS-v9.3 (SPQR) 
) (/usr/share/texmf-dist/tex/generic/babel/babel.sty
Package: babel 2020/10/27 3.51 The Babel package
 (/usr/share/texmf-dist/tex/generic/babel/babel.def
File: babel.def 2020/10/27 3.51 Babel common definitions
\babel@savecnt=\count189
\U@D=\dimen147
\l@babelnohyphens=\language86
 (/usr/share/texmf-dist/tex/generic/babel/txtbabel.def)
\bbl@readstream=\read2
)
\bbl@dirlevel=\count190
 (/usr/share/texmf-dist/tex/generic/babel-english/english.ldf
Language: english 2017/06/06 v3.3r English support from the babel system
Package babel Info: \l@canadian = using hyphenrules for english
(babel)             (\language0) on input line 102.
Package babel Info: \l@australian = using hyphenrules for ukenglish
(babel)             (\language21) on input line 105.
Package babel Info: \l@newzealand = using hyphenrules for ukenglish
(babel)             (\language21) on input line 108.
)) (/usr/share/texmf-dist/tex/latex/graphics/graphicx.sty
Package: graphicx 2020/09/09 v1.2b Enhanced LaTeX Graphics (DPC,SPQR)
 (/usr/share/texmf-dist/tex/latex/graphics/graphics.sty
Package: graphics 2020/08/30 v1.4c Standard LaTeX Graphics (DPC,SPQR)
 (/usr/share/texmf-dist/tex/latex/graphics/trig.sty
Package: trig 2016/01/03 v1.10 sin cos tan (DPC)
) (/usr/share/texmf-dist/tex/latex/graphics-cfg/graphics.cfg
File: graphics.cfg 2016/06/04 v1.11 sample graphics configuration
)
Package graphics Info: Driver file: pdftex.def on input line 105.
 (/usr/share/texmf-dist/tex/latex/graphics-def/pdftex.def
File: pdftex.def 2020/10/05 v1.2a Graphics/color driver for pdftex
))
\Gin@req@height=\dimen148
\Gin@req@width=\dimen149
) (/usr/share/texmf-dist/tex/latex/tools/indentfirst.sty
Package: indentfirst 1995/11/23 v1.03 Indent first paragraph (DPC)
) (/usr/share/texmf-dist/tex/latex/tocbibind/tocbibind.sty
Package: tocbibind 2010/10/13 v1.5k extra ToC listings
Package tocbibind Info: The document has chapter divisions on input line 50.


Package tocbibind Note: Using chapter style headings, unless overridden.

) (/usr/share/texmf-dist/tex/latex/hyperref/hyperref.sty
Package: hyperref 2020-05-15 v7.00e Hypertext links for LaTeX
 (/usr/share/texmf-dist/tex/generic/ltxcmds/ltxcmds.sty
Package: ltxcmds 2020-05-10 v1.25 LaTeX kernel commands for general use (HO)
) (/usr/share/texmf-dist/tex/generic/pdftexcmds/pdftexcmds.sty
Package: pdftexcmds 2020-06-27 v0.33 Utility functions of pdfTeX for LuaTeX (HO)
 (/usr/share/texmf-dist/tex/generic/infwarerr/infwarerr.sty
Package: infwarerr 2019/12/03 v1.5 Providing info/warning/error messages (HO)
)
Package pdftexcmds Info: \pdf@primitive is available.
Package pdftexcmds Info: \pdf@ifprimitive is available.
Package pdftexcmds Info: \pdfdraftmode found.
) (/usr/share/texmf-dist/tex/generic/kvsetkeys/kvsetkeys.sty
Package: kvsetkeys 2019/12/15 v1.18 Key value parser (HO)
) (/usr/share/texmf-dist/tex/generic/kvdefinekeys/kvdefinekeys.sty
Package: kvdefinekeys 2019-12-19 v1.6 Define keys (HO)
) (/usr/share/texmf-dist/tex/generic/pdfescape/pdfescape.sty
Package: pdfescape 2019/12/09 v1.15 Implements pdfTeX's escape features (HO)
) (/usr/share/texmf-dist/tex/latex/hycolor/hycolor.sty
Package: hycolor 2020-01-27 v1.10 Color options for hyperref/bookmark (HO)
) (/usr/share/texmf-dist/tex/latex/letltxmacro/letltxmacro.sty
Package: letltxmacro 2019/12/03 v1.6 Let assignment for LaTeX macros (HO)
) (/usr/share/texmf-dist/tex/latex/auxhook/auxhook.sty
Package: auxhook 2019-12-17 v1.6 Hooks for auxiliary files (HO)
) (/usr/share/texmf-dist/tex/latex/kvoptions/kvoptions.sty
Package: kvoptions 2020-10-07 v3.14 Key value format for package options (HO)
)
\@linkdim=\dimen150
\Hy@linkcounter=\count191
\Hy@pagecounter=\count192
 (/usr/share/texmf-dist/tex/latex/hyperref/pd1enc.def
File: pd1enc.def 2020-05-15 v7.00e Hyperref: PDFDocEncoding definition (HO)
Now handling font encoding PD1 ...
... no UTF-8 mapping file for font encoding PD1
) (/usr/share/texmf-dist/tex/generic/intcalc/intcalc.sty
Package: intcalc 2019/12/15 v1.3 Expandable calculations with integers (HO)
) (/usr/share/texmf-dist/tex/generic/etexcmds/etexcmds.sty
Package: etexcmds 2019/12/15 v1.7 Avoid name clashes with e-TeX commands (HO)
)
\Hy@SavedSpaceFactor=\count193
Package hyperref Info: Option `unicode' set `true' on input line 4338.
 (/usr/share/texmf-dist/tex/latex/hyperref/puenc.def
File: puenc.def 2020-05-15 v7.00e Hyperref: PDF Unicode definition (HO)
Now handling font encoding PU ...
... no UTF-8 mapping file for font encoding PU
)
Package hyperref Info: Hyper figures OFF on input line 4464.
Package hyperref Info: Link nesting OFF on input line 4469.
Package hyperref Info: Hyper index ON on input line 4472.
Package hyperref Info: Plain pages OFF on input line 4479.
Package hyperref Info: Backreferencing OFF on input line 4484.
Package hyperref Info: Implicit mode ON; LaTeX internals redefined.
Package hyperref Info: Bookmarks ON on input line 4717.
\c@Hy@tempcnt=\count194
 (/usr/share/texmf-dist/tex/latex/url/url.sty
\Urlmuskip=\muskip16
Package: url 2013/09/16  ver 3.4  Verb mode for urls, etc.
)
LaTeX Info: Redefining \url on input line 5076.
\XeTeXLinkMargin=\dimen151
 (/usr/share/texmf-dist/tex/generic/bitset/bitset.sty
Package: bitset 2019/12/09 v1.3 Handle bit-vector datatype (HO)
 (/usr/share/texmf-dist/tex/generic/bigintcalc/bigintcalc.sty
Package: bigintcalc 2019/12/15 v1.5 Expandable calculations on big integers (HO)
))
\Fld@menulength=\count195
\Field@Width=\dimen152
\Fld@charsize=\dimen153
Package hyperref Info: Hyper figures OFF on input line 6347.
Package hyperref Info: Link nesting OFF on input line 6352.
Package hyperref Info: Hyper index ON on input line 6355.
Package hyperref Info: backreferencing OFF on input line 6362.
Package hyperref Info: Link coloring OFF on input line 6367.
Package hyperref Info: Link coloring with OCG OFF on input line 6372.
Package hyperref Info: PDF/A mode OFF on input line 6377.
LaTeX Info: Redefining \ref on input line 6417.
LaTeX Info: Redefining \pageref on input line 6421.
 (/usr/share/texmf-dist/tex/latex/base/atbegshi-ltx.sty
Package: atbegshi-ltx 2020/08/17 v1.0a Emulation of the original atbegshi package
with kernel methods
)
\Hy@abspage=\count196
\c@Item=\count197
\c@Hfootnote=\count198
)
Package hyperref Info: Driver (autodetected): hpdftex.
 (/usr/share/texmf-dist/tex/latex/hyperref/hpdftex.def
File: hpdftex.def 2020-05-15 v7.00e Hyperref driver for pdfTeX
 (/usr/share/texmf-dist/tex/latex/base/atveryend-ltx.sty
Package: atveryend-ltx 2020/08/19 v1.0a Emulation of the original atvery package
with kernel methods
)
\Fld@listcount=\count199
\c@bookmark@seq@number=\count266
 (/usr/share/texmf-dist/tex/latex/rerunfilecheck/rerunfilecheck.sty
Package: rerunfilecheck 2019/12/05 v1.9 Rerun checks for auxiliary files (HO)
 (/usr/share/texmf-dist/tex/generic/uniquecounter/uniquecounter.sty
Package: uniquecounter 2019/12/15 v1.4 Provide unlimited unique counter (HO)
)
Package uniquecounter Info: New unique counter `rerunfilecheck' on input line 286.
)
\Hy@SectionHShift=\skip49
) (/usr/share/texmf-dist/tex/latex/float/float.sty
Package: float 2001/11/08 v1.3d Float enhancements (AL)
\c@float@type=\count267
\float@exts=\toks19
\float@box=\box47
\@float@everytoks=\toks20
\@floatcapt=\box48
) (/usr/share/texmf-dist/tex/latex/biblatex/biblatex.sty
Package: biblatex 2020/08/23 v3.15a programmable bibliographies (PK/MW)
 (/usr/share/texmf-dist/tex/latex/etoolbox/etoolbox.sty
Package: etoolbox 2020/10/05 v2.5k e-TeX tools for LaTeX (JAW)
\etb@tempcnta=\count268
) (/usr/share/texmf-dist/tex/latex/logreq/logreq.sty
Package: logreq 2010/08/04 v1.0 xml request logger
\lrq@indent=\count269
 (/usr/share/texmf-dist/tex/latex/logreq/logreq.def
File: logreq.def 2010/08/04 v1.0 logreq spec v1.0
)) (/usr/share/texmf-dist/tex/latex/base/ifthen.sty
Package: ifthen 2014/09/29 v1.1c Standard LaTeX ifthen package (DPC)
)
\c@tabx@nest=\count270
\c@listtotal=\count271
\c@listcount=\count272
\c@liststart=\count273
\c@liststop=\count274
\c@citecount=\count275
\c@citetotal=\count276
\c@multicitecount=\count277
\c@multicitetotal=\count278
\c@instcount=\count279
\c@maxnames=\count280
\c@minnames=\count281
\c@maxitems=\count282
\c@minitems=\count283
\c@citecounter=\count284
\c@maxcitecounter=\count285
\c@savedcitecounter=\count286
\c@uniquelist=\count287
\c@uniquename=\count288
\c@refsection=\count289
\c@refsegment=\count290
\c@maxextratitle=\count291
\c@maxextratitleyear=\count292
\c@maxextraname=\count293
\c@maxextradate=\count294
\c@maxextraalpha=\count295
\c@abbrvpenalty=\count296
\c@highnamepenalty=\count297
\c@lownamepenalty=\count298
\c@maxparens=\count299
\c@parenlevel=\count300
\blx@tempcnta=\count301
\blx@tempcntb=\count302
\blx@tempcntc=\count303
\blx@maxsection=\count304
\blx@maxsegment@0=\count305
\blx@notetype=\count306
\blx@parenlevel@text=\count307
\blx@parenlevel@foot=\count308
\blx@sectionciteorder@0=\count309
\blx@entrysetcounter=\count310
\blx@biblioinstance=\count311
\labelnumberwidth=\skip50
\labelalphawidth=\skip51
\biblabelsep=\skip52
\bibitemsep=\skip53
\bibnamesep=\skip54
\bibinitsep=\skip55
\bibparsep=\skip56
\bibhang=\skip57
\blx@bcfin=\read3
\blx@bcfout=\write3
\blx@langwohyphens=\language87
\c@mincomprange=\count312
\c@maxcomprange=\count313
\c@mincompwidth=\count314
Package biblatex Info: Trying to load biblatex default data model...
Package biblatex Info: ... file 'blx-dm.def' found.
 (/usr/share/texmf-dist/tex/latex/biblatex/blx-dm.def
File: blx-dm.def 2020/08/23 v3.15a biblatex localization (PK/MW)
)
Package biblatex Info: Trying to load biblatex custom data model...
Package biblatex Info: ... file 'biblatex-dm.cfg' not found.
\c@afterword=\count315
\c@savedafterword=\count316
\c@annotator=\count317
\c@savedannotator=\count318
\c@author=\count319
\c@savedauthor=\count320
\c@bookauthor=\count321
\c@savedbookauthor=\count322
\c@commentator=\count323
\c@savedcommentator=\count324
\c@editor=\count325
\c@savededitor=\count326
\c@editora=\count327
\c@savededitora=\count328
\c@editorb=\count329
\c@savededitorb=\count330
\c@editorc=\count331
\c@savededitorc=\count332
\c@foreword=\count333
\c@savedforeword=\count334
\c@holder=\count335
\c@savedholder=\count336
\c@introduction=\count337
\c@savedintroduction=\count338
\c@namea=\count339
\c@savednamea=\count340
\c@nameb=\count341
\c@savednameb=\count342
\c@namec=\count343
\c@savednamec=\count344
\c@translator=\count345
\c@savedtranslator=\count346
\c@shortauthor=\count347
\c@savedshortauthor=\count348
\c@shorteditor=\count349
\c@savedshorteditor=\count350
\c@labelname=\count351
\c@savedlabelname=\count352
\c@institution=\count353
\c@savedinstitution=\count354
\c@lista=\count355
\c@savedlista=\count356
\c@listb=\count357
\c@savedlistb=\count358
\c@listc=\count359
\c@savedlistc=\count360
\c@listd=\count361
\c@savedlistd=\count362
\c@liste=\count363
\c@savedliste=\count364
\c@listf=\count365
\c@savedlistf=\count366
\c@location=\count367
\c@savedlocation=\count368
\c@organization=\count369
\c@savedorganization=\count370
\c@origlocation=\count371
\c@savedoriglocation=\count372
\c@origpublisher=\count373
\c@savedorigpublisher=\count374
\c@publisher=\count375
\c@savedpublisher=\count376
\c@language=\count377
\c@savedlanguage=\count378
\c@origlanguage=\count379
\c@savedoriglanguage=\count380
\c@pageref=\count381
\c@savedpageref=\count382
\shorthandwidth=\skip58
\shortjournalwidth=\skip59
\shortserieswidth=\skip60
\shorttitlewidth=\skip61
\shortauthorwidth=\skip62
\shorteditorwidth=\skip63
\locallabelnumberwidth=\skip64
\locallabelalphawidth=\skip65
\localshorthandwidth=\skip66
\localshortjournalwidth=\skip67
\localshortserieswidth=\skip68
\localshorttitlewidth=\skip69
\localshortauthorwidth=\skip70
\localshorteditorwidth=\skip71
Package biblatex Info: Trying to load compatibility code...
Package biblatex Info: ... file 'blx-compat.def' found.
 (/usr/share/texmf-dist/tex/latex/biblatex/blx-compat.def
File: blx-compat.def 2020/08/23 v3.15a biblatex compatibility (PK/MW)
) (/usr/share/texmf-dist/tex/latex/l3kernel/expl3.sty
Package: expl3 2020-12-03 L3 programming layer (loader) 
 (/usr/share/texmf-dist/tex/latex/l3backend/l3backend-pdftex.def
File: l3backend-pdftex.def 2020-09-24 L3 backend support: PDF output (pdfTeX)
\l__kernel_color_stack_int=\count383
\l__pdf_internal_box=\box49
))
Package biblatex Info: expl3
(biblatex)             2020-12-03 L3 programming layer (loader) 
(biblatex)             is new enough (at least 2020/04/06),
(biblatex)             setting 'casechanger=expl3'.
Package biblatex Info: Trying to load expl3 case changing code...
Package biblatex Info: ... file 'blx-case-expl3.def' found.
 (/usr/share/texmf-dist/tex/latex/biblatex/blx-case-expl3.def
(/usr/share/texmf-dist/tex/latex/l3packages/xparse/xparse.sty
Package: xparse 2020-10-27 L3 Experimental document command parser
 (/usr/share/texmf-dist/tex/latex/l3packages/xparse/xparse-generic.tex))
File: blx-case-expl3 2020/08/23 v3.15a expl3 case changing code for biblatex
)
Package biblatex Info: Trying to load generic definitions...
Package biblatex Info: ... file 'biblatex.def' found.
 (/usr/share/texmf-dist/tex/latex/biblatex/biblatex.def
File: biblatex.def 2020/08/23 v3.15a biblatex compatibility (PK/MW)
\c@textcitecount=\count384
\c@textcitetotal=\count385
\c@textcitemaxnames=\count386
\c@biburlbigbreakpenalty=\count387
\c@biburlbreakpenalty=\count388
\c@biburlnumpenalty=\count389
\c@biburlucpenalty=\count390
\c@biburllcpenalty=\count391
\biburlbigskip=\muskip17
\biburlnumskip=\muskip18
\biburlucskip=\muskip19
\biburllcskip=\muskip20
\c@smartand=\count392
)
Package biblatex Info: Trying to load bibliography style 'numeric'...
Package biblatex Info: ... file 'numeric.bbx' found.
 (/usr/share/texmf-dist/tex/latex/biblatex/bbx/numeric.bbx
File: numeric.bbx 2020/08/23 v3.15a biblatex bibliography style (PK/MW)
Package biblatex Info: Trying to load bibliography style 'standard'...
Package biblatex Info: ... file 'standard.bbx' found.
 (/usr/share/texmf-dist/tex/latex/biblatex/bbx/standard.bbx
File: standard.bbx 2020/08/23 v3.15a biblatex bibliography style (PK/MW)
\c@bbx:relatedcount=\count393
\c@bbx:relatedtotal=\count394
))
Package biblatex Info: Trying to load citation style 'numeric'...
Package biblatex Info: ... file 'numeric.cbx' found.
 (/usr/share/texmf-dist/tex/latex/biblatex/cbx/numeric.cbx
File: numeric.cbx 2020/08/23 v3.15a biblatex citation style (PK/MW)
Package biblatex Info: Redefining '\cite'.
Package biblatex Info: Redefining '\parencite'.
Package biblatex Info: Redefining '\footcite'.
Package biblatex Info: Redefining '\footcitetext'.
Package biblatex Info: Redefining '\smartcite'.
Package biblatex Info: Redefining '\supercite'.
Package biblatex Info: Redefining '\textcite'.
Package biblatex Info: Redefining '\textcites'.
Package biblatex Info: Redefining '\cites'.
Package biblatex Info: Redefining '\parencites'.
Package biblatex Info: Redefining '\smartcites'.
)
Package biblatex Info: Trying to load configuration file...
Package biblatex Info: ... file 'biblatex.cfg' found.
 (/usr/share/texmf-dist/tex/latex/biblatex/biblatex.cfg
File: biblatex.cfg 
))

Package biblatex Warning: 'babel/polyglossia' detected but 'csquotes' missing.
(biblatex)                Loading 'csquotes' recommended.

\@quotelevel=\count395
\@quotereset=\count396
LaTeX Font Info:    Trying to load font information for OT1+ppl on input line 31.
(/usr/share/texmf-dist/tex/latex/psnfss/ot1ppl.fd
File: ot1ppl.fd 2001/06/04 font definitions for OT1/ppl.
) (./main.aux)
LaTeX Font Info:    Checking defaults for OML/cmm/m/it on input line 31.
LaTeX Font Info:    ... okay on input line 31.
LaTeX Font Info:    Checking defaults for OMS/cmsy/m/n on input line 31.
LaTeX Font Info:    ... okay on input line 31.
LaTeX Font Info:    Checking defaults for OT1/cmr/m/n on input line 31.
LaTeX Font Info:    ... okay on input line 31.
LaTeX Font Info:    Checking defaults for T1/cmr/m/n on input line 31.
LaTeX Font Info:    ... okay on input line 31.
LaTeX Font Info:    Checking defaults for TS1/cmr/m/n on input line 31.
LaTeX Font Info:    ... okay on input line 31.
LaTeX Font Info:    Checking defaults for OMX/cmex/m/n on input line 31.
LaTeX Font Info:    ... okay on input line 31.
LaTeX Font Info:    Checking defaults for U/cmr/m/n on input line 31.
LaTeX Font Info:    ... okay on input line 31.
LaTeX Font Info:    Checking defaults for PD1/pdf/m/n on input line 31.
LaTeX Font Info:    ... okay on input line 31.
LaTeX Font Info:    Checking defaults for PU/pdf/m/n on input line 31.
LaTeX Font Info:    ... okay on input line 31.

*geometry* driver: auto-detecting
*geometry* detected driver: pdftex
*geometry* verbose mode - [ preamble ] result:
* driver: pdftex
* paper: a4paper
* layout: <same size as paper>
* layoutoffset:(h,v)=(0.0pt,0.0pt)
* modes: 
* h-part:(L,W,R)=(85.35826pt, 455.24411pt, 56.9055pt)
* v-part:(T,H,B)=(56.9055pt, 731.23584pt, 56.9055pt)
* \paperwidth=597.50787pt
* \paperheight=845.04684pt
* \textwidth=455.24411pt
* \textheight=731.23584pt
* \oddsidemargin=13.08827pt
* \evensidemargin=13.08827pt
* \topmargin=-52.36449pt
* \headheight=12.0pt
* \headsep=25.0pt
* \topskip=12.0pt
* \footskip=30.0pt
* \marginparwidth=44.0pt
* \marginparsep=10.0pt
* \columnsep=10.0pt
* \skip\footins=10.8pt plus 4.0pt minus 2.0pt
* \hoffset=0.0pt
* \voffset=0.0pt
* \mag=1000
* \@twocolumnfalse
* \@twosidefalse
* \@mparswitchfalse
* \@reversemarginfalse
* (1in=72.27pt=25.4mm, 1cm=28.453pt)

(/usr/share/texmf-dist/tex/context/base/mkii/supp-pdf.mkii
[Loading MPS to PDF converter (version 2006.09.02).]
\scratchcounter=\count397
\scratchdimen=\dimen154
\scratchbox=\box50
\nofMPsegments=\count398
\nofMParguments=\count399
\everyMPshowfont=\toks21
\MPscratchCnt=\count400
\MPscratchDim=\dimen155
\MPnumerator=\count401
\makeMPintoPDFobject=\count402
\everyMPtoPDFconversion=\toks22
) (/usr/share/texmf-dist/tex/latex/epstopdf-pkg/epstopdf-base.sty
Package: epstopdf-base 2020-01-24 v2.11 Base part for package epstopdf
Package epstopdf-base Info: Redefining graphics rule for `.eps' on input line 485.
 (/usr/share/texmf-dist/tex/latex/latexconfig/epstopdf-sys.cfg
File: epstopdf-sys.cfg 2010/07/13 v1.3 Configuration of (r)epstopdf for TeX Live
))
Package hyperref Info: Link coloring OFF on input line 31.
 (/usr/share/texmf-dist/tex/latex/hyperref/nameref.sty
Package: nameref 2019/09/16 v2.46 Cross-referencing by name of section
 (/usr/share/texmf-dist/tex/latex/refcount/refcount.sty
Package: refcount 2019/12/15 v3.6 Data extraction from label references (HO)
) (/usr/share/texmf-dist/tex/generic/gettitlestring/gettitlestring.sty
Package: gettitlestring 2019/12/15 v1.6 Cleanup title references (HO)
)
\c@section@level=\count403
)
LaTeX Info: Redefining \ref on input line 31.
LaTeX Info: Redefining \pageref on input line 31.
LaTeX Info: Redefining \nameref on input line 31.
 (./main.out) (./main.out)
\@outlinefile=\write4
Package biblatex Info: Trying to load language 'english'...
Package biblatex Info: ... file 'english.lbx' found.
 (/usr/share/texmf-dist/tex/latex/biblatex/lbx/english.lbx
File: english.lbx 2020/08/23 v3.15a biblatex localization (PK/MW)
)
Package biblatex Info: Input encoding 'utf8' detected.
Package biblatex Info: Automatic encoding selection.
(biblatex)             Assuming data encoding 'utf8'.
Package biblatex Info: Trying to load bibliographic data...
Package biblatex Info: ... file 'main.bbl' found.
 (./main.bbl)
Package biblatex Info: Reference section=0 on input line 31.
Package biblatex Info: Reference segment=0 on input line 31.
 (./front/macros.tex) (./front/cover.tex
LaTeX Font Info:    External font `cmex10' loaded for size
(Font)              <14.4> on input line 6.
LaTeX Font Info:    External font `cmex10' loaded for size
(Font)              <7> on input line 6.
<images//logoFii.png, id=148, 193.47281pt x 188.95593pt>
File: images//logoFii.png Graphic file (type png)
<use images//logoFii.png>
Package pdftex.def Info: images//logoFii.png  used on input line 13.
(pdftex.def)             Requested size: 136.57462pt x 133.38693pt.
LaTeX Font Info:    External font `cmex10' loaded for size
(Font)              <17.28> on input line 18.
LaTeX Font Info:    External font `cmex10' loaded for size
(Font)              <12> on input line 18.
 [1

{/var/lib/texmf/fonts/map/pdftex/updmap/pdftex.map} <./images//logoFii.png>]) (./front/titlepage.texpdfTeX warning (ext4): destination with the same identifier (name{page.}) has been already used, duplicate ignored
<to be read again> 
                   \relax 
l.35 \end{titlepage}
                     [1]) (./front/declaration1.tex
LaTeX Font Info:    External font `cmex10' loaded for size
(Font)              <8> on input line 5.
LaTeX Font Info:    External font `cmex10' loaded for size
(Font)              <6> on input line 5.
)pdfTeX warning (ext4): destination with the same identifier (name{page.}) has been already used, duplicate ignored
<to be read again> 
                   \relax 
l.40     \input{front/declaration1}
                                    [1] (./front/declaration2.tex)pdfTeX warning (ext4): destination with the same identifier (name{page.}) has been already used, duplicate ignored
<to be read again> 
                   \relax 
l.41     \input{front/declaration2}
                                    [2] (./main.tocpdfTeX warning (ext4): destination with the same identifier (name{page.}) has been already used, duplicate ignored
<to be read again> 
                   \relax 
l.54 ...\numberline {3.5}Metrics}{16}{section.3.5}
                                                  % [3

])
\tf@toc=\write5
 (./chapters/motivation.tex [1]
Underfull \hbox (badness 10000) in paragraph at lines 4--5

 []

) (./chapters/introduction.tex [2

]
Underfull \hbox (badness 10000) in paragraph at lines 4--5

 []


Underfull \hbox (badness 10000) in paragraph at lines 6--7

 []

LaTeX Font Info:    Trying to load font information for TS1+ppl on input line 9.
(/usr/share/texmf-dist/tex/latex/psnfss/ts1ppl.fd
File: ts1ppl.fd 2001/06/04 font definitions for TS1/ppl.
)
Underfull \hbox (badness 10000) in paragraph at lines 9--10

 []


Underfull \hbox (badness 10000) in paragraph at lines 11--12

 []

[3

]
Overfull \hbox (1.38751pt too wide) in paragraph at lines 31--32
[]\OT1/ppl/m/n/12 Numerous at-tempts of cre-at-ing a medium be-tween ar-ti-fi-cial in-tel-li-gence and other
 []

[4]
Underfull \hbox (badness 10000) in paragraph at lines 63--64

 []

) (./chapters/chapter1.tex [5]
Chapter 1.

Overfull \hbox (6.38988pt too wide) in paragraph at lines 10--11
[]\OT1/ppl/m/n/12 Music Genre Clas-si-fi-ca-tion: Per-formed by a Con-vo-lu-tional Neu-ral Net-work Model
 []

<images/spektrum.png, id=243, 402.50375pt x 315.1775pt>
File: images/spektrum.png Graphic file (type png)
<use images/spektrum.png>
Package pdftex.def Info: images/spektrum.png  used on input line 17.
(pdftex.def)             Requested size: 361.34999pt x 282.95016pt.
./chapters/chapter1.tex:18: Undefined control sequence.
<argument> \captionof 
                      {Figure 1.1: The interface of the Spektrum application...
l.18 ...lication (Photo source: \cite{spektrum})}}
                                                  
The control sequence at the end of the top line
of your error message was never \def'ed. If you have
misspelled it (e.g., `\hobx'), type `I' and the correct
spelling (e.g., `I\hbox'). Otherwise just continue,
and I'll forget about whatever was undefined.

[6

]
<images/musenet.png, id=250, 1710.39pt x 733.74126pt>
File: images/musenet.png Graphic file (type png)
<use images/musenet.png>
Package pdftex.def Info: images/musenet.png  used on input line 31.
(pdftex.def)             Requested size: 361.34999pt x 155.00827pt.

./chapters/chapter1.tex:32: Undefined control sequence.
<argument> \captionof 
                      {Figure 1.2: An illustration of the MuseNet's function...
l.32 ...alities (Photo sources : \cite{musenet})}}
                                                  
The control sequence at the end of the top line
of your error message was never \def'ed. If you have
misspelled it (e.g., `\hobx'), type `I' and the correct
spelling (e.g., `I\hbox'). Otherwise just continue,
and I'll forget about whatever was undefined.

[7 <./images/spektrum.png> <./images/musenet.png>]
<images/magenta.png, id=259, 1226.5825pt x 440.64626pt>
File: images/magenta.png Graphic file (type png)
<use images/magenta.png>
Package pdftex.def Info: images/magenta.png  used on input line 43.
(pdftex.def)             Requested size: 397.48499pt x 142.79146pt.


./chapters/chapter1.tex:44: LaTeX Error: \caption outside float.

See the LaTeX manual or LaTeX Companion for explanation.
Type  H <return>  for immediate help.
 ...                                              
                                                  
l.44 ... Magenta (Photo sources: \cite{magenta})}}
                                                  
You're in trouble here.  Try typing  <return>  to proceed.
If that doesn't work, type  X <return>  to quit.

./chapters/chapter1.tex:44: Undefined control sequence.
\caption ... \endcsname \fi \fi \@dblarg {\@tempf 
                                                  \@captype }
l.44 ... Magenta (Photo sources: \cite{magenta})}}
                                                  
The control sequence at the end of the top line
of your error message was never \def'ed. If you have
misspelled it (e.g., `\hobx'), type `I' and the correct
spelling (e.g., `I\hbox'). Otherwise just continue,
and I'll forget about whatever was undefined.

./chapters/chapter1.tex:44: Undefined control sequence.
\caption ...e \fi \fi \@dblarg {\@tempf \@captype 
                                                  }
l.44 ... Magenta (Photo sources: \cite{magenta})}}
                                                  
The control sequence at the end of the top line
of your error message was never \def'ed. If you have
misspelled it (e.g., `\hobx'), type `I' and the correct
spelling (e.g., `I\hbox'). Otherwise just continue,
and I'll forget about whatever was undefined.

) (./chapters/chapter2.tex [8 <./images/magenta.png>]
Chapter 2.
[9

] [10]) (./chapters/chapter3.tex [11]
Chapter 3.
./chapters/chapter3.tex:5: Undefined control sequence.
l.5 ...extit{neuron} consists in a set of \weights
                                                  {weights} and a set of \te...
The control sequence at the end of the top line
of your error message was never \def'ed. If you have
misspelled it (e.g., `\hobx'), type `I' and the correct
spelling (e.g., `I\hbox'). Otherwise just continue,
and I'll forget about whatever was undefined.

./chapters/chapter3.tex:8: Undefined control sequence.
l.8 ...be saved (basically representing the \texit
                                                  {model}).
The control sequence at the end of the top line
of your error message was never \def'ed. If you have
misspelled it (e.g., `\hobx'), type `I' and the correct
spelling (e.g., `I\hbox'). Otherwise just continue,
and I'll forget about whatever was undefined.

<images/genericneuron.png, id=290, 383.4325pt x 283.0575pt>
File: images/genericneuron.png Graphic file (type png)
<use images/genericneuron.png>
Package pdftex.def Info: images/genericneuron.png  used on input line 13.
(pdftex.def)             Requested size: 303.53377pt x 224.08806pt.
./chapters/chapter3.tex:14: Undefined control sequence.
<argument> \captionof 
                      {Figure 3.1: }{Illustration of a generic neuron}
l.14 ... 3.1: }{Illustration of a generic neuron}}
                                                  
The control sequence at the end of the top line
of your error message was never \def'ed. If you have
misspelled it (e.g., `\hobx'), type `I' and the correct
spelling (e.g., `I\hbox'). Otherwise just continue,
and I'll forget about whatever was undefined.

[12

 <./images/genericneuron.png>]
<images/genericnn.png, id=296, 1204.5pt x 576.1525pt>
File: images/genericnn.png Graphic file (type png)
<use images/genericnn.png>
Package pdftex.def Info: images/genericnn.png  used on input line 24.
(pdftex.def)             Requested size: 303.53377pt x 145.18944pt.

./chapters/chapter3.tex:25: Undefined control sequence.
<argument> \captionof 
                      {Figure 3.2: }{Illustration of a generic neural networ...
l.25 ...ral network (Image source \cite{gennn}) }}
                                                  
The control sequence at the end of the top line
of your error message was never \def'ed. If you have
misspelled it (e.g., `\hobx'), type `I' and the correct
spelling (e.g., `I\hbox'). Otherwise just continue,
and I'll forget about whatever was undefined.

<images/bn.png, id=298, 795.72281pt x 573.64313pt>
File: images/bn.png Graphic file (type png)
<use images/bn.png>
Package pdftex.def Info: images/bn.png  used on input line 50.
(pdftex.def)             Requested size: 303.53377pt x 218.81819pt.
./chapters/chapter3.tex:51: Undefined control sequence.
<argument> \captionof 
                      {Figure 3.3: }{The Batch Normalization formula(Image s...
l.51 ...ization formula(Image source \cite{bn}) }}
                                                  
The control sequence at the end of the top line
of your error message was never \def'ed. If you have
misspelled it (e.g., `\hobx'), type `I' and the correct
spelling (e.g., `I\hbox'). Otherwise just continue,
and I'll forget about whatever was undefined.

[13 <./images/genericnn.png>]
./chapters/chapter3.tex:57: Extra }, or forgotten \endgroup.
l.57 	\item \^x}
                 : The output of the normalization process, computed by subt...
I've deleted a group-closing symbol because it seems to be
spurious, as in `$x}$'. But perhaps the } is legitimate and
you forgot something else, as in `\hbox{$x}'. In such cases
the way to recover is to insert both the forgotten and the
deleted material, e.g., by typing `I$}'.

[14 <./images/bn.png>]
<images/relu.png, id=315, 736.7525pt x 469.755pt>
File: images/relu.png Graphic file (type png)
<use images/relu.png>
Package pdftex.def Info: images/relu.png  used on input line 80.
(pdftex.def)             Requested size: 303.53377pt x 193.53262pt.

./chapters/chapter3.tex:81: Undefined control sequence.
<argument> \captionof 
                      {Figure 3.4: }{The ReLU formula and graphic illustrati...
l.81 ... illustration(Image source \cite{nnfs}) }}
                                                  
The control sequence at the end of the top line
of your error message was never \def'ed. If you have
misspelled it (e.g., `\hobx'), type `I' and the correct
spelling (e.g., `I\hbox'). Otherwise just continue,
and I'll forget about whatever was undefined.

[15 <./images/relu.png>]
<images/cm.png, id=324, 467.7475pt x 336.25626pt>
File: images/cm.png Graphic file (type png)
<use images/cm.png>
Package pdftex.def Info: images/cm.png  used on input line 114.
(pdftex.def)             Requested size: 303.53377pt x 218.21507pt.

./chapters/chapter3.tex:115: Undefined control sequence.
<argument> \captionof 
                      {Figure 3.5: Confusion matrix.}
l.115 ...captionof{Figure 3.5: Confusion matrix.}}
                                                  
The control sequence at the end of the top line
of your error message was never \def'ed. If you have
misspelled it (e.g., `\hobx'), type `I' and the correct
spelling (e.g., `I\hbox'). Otherwise just continue,
and I'll forget about whatever was undefined.

) (./chapters/chapter4.tex [16 <./images/cm.png>]
Chapter 4.

Overfull \hbox (2.24924pt too wide) in paragraph at lines 20--22
[]\OT1/ppl/m/n/12 Training: Ini-tial-iz-ing/improving the per-for-mance by per-form-ing pre-dic-tions over
 []

[17

]
<images/summary.png, id=336, 317.185pt x 1747.52875pt>
File: images/summary.png Graphic file (type png)
<use images/summary.png>
Package pdftex.def Info: images/summary.png  used on input line 33.
(pdftex.def)             Requested size: 108.405pt x 597.24507pt.

Overfull \hbox (9.45209pt too wide) in paragraph at lines 38--41
[]\OT1/ppl/m/n/12 The model is com-posed of lay-ers, which fall into two cat-e-gories: train-able (Conv2D,
 []


Underfull \hbox (badness 10000) in paragraph at lines 38--41

 []

[18pdfTeX warning (ext4): destination with the same identifier (name{figure.4.1}) has been already used, duplicate ignored
<argument> ...shipout:D \box_use:N \l_shipout_box 
                                                  
l.41 
      <./images/summary.png>]
<images/datadistr.png, id=345, 1102.1175pt x 996.72375pt>
File: images/datadistr.png Graphic file (type png)
<use images/datadistr.png>
Package pdftex.def Info: images/datadistr.png  used on input line 77.
(pdftex.def)             Requested size: 303.53377pt x 274.50291pt.

./chapters/chapter4.tex:78: Undefined control sequence.
<argument> \captionof 
                      {Figure 4.2: }{Data distribution by number of samples.}
l.78 ...{Data distribution by number of samples.}}
                                                  
The control sequence at the end of the top line
of your error message was never \def'ed. If you have
misspelled it (e.g., `\hobx'), type `I' and the correct
spelling (e.g., `I\hbox'). Otherwise just continue,
and I'll forget about whatever was undefined.

[19]
<images/badmetricspng.png, id=350, 797.8608pt x 721.9773pt>
File: images/badmetricspng.png Graphic file (type png)
<use images/badmetricspng.png>
Package pdftex.def Info: images/badmetricspng.png  used on input line 88.
(pdftex.def)             Requested size: 303.53377pt x 274.66267pt.

./chapters/chapter4.tex:89: Undefined control sequence.
<argument> \captionof 
                      {Figure 4.3: }{Model loss before adding Convolutional ...
l.89 ...ng Convolutional Operations to the Model}}
                                                  
The control sequence at the end of the top line
of your error message was never \def'ed. If you have
misspelled it (e.g., `\hobx'), type `I' and the correct
spelling (e.g., `I\hbox'). Otherwise just continue,
and I'll forget about whatever was undefined.

[20 <./images/datadistr.png> <./images/badmetricspng.png>]
<images/badacc.png, id=358, 793.5246pt x 717.6411pt>
File: images/badacc.png Graphic file (type png)
<use images/badacc.png>
Package pdftex.def Info: images/badacc.png  used on input line 96.
(pdftex.def)             Requested size: 303.53377pt x 274.51324pt.

./chapters/chapter4.tex:97: Undefined control sequence.
<argument> \captionof 
                      {Figure 4.4: }{Model accuracy before adding Convolutio...
l.97 ...ng Convolutional Operations to the Model}}
                                                  
The control sequence at the end of the top line
of your error message was never \def'ed. If you have
misspelled it (e.g., `\hobx'), type `I' and the correct
spelling (e.g., `I\hbox'). Otherwise just continue,
and I'll forget about whatever was undefined.

<images/metrics.png, id=359, 797.8608pt x 721.9773pt>
File: images/metrics.png Graphic file (type png)
<use images/metrics.png>
Package pdftex.def Info: images/metrics.png  used on input line 106.
(pdftex.def)             Requested size: 303.53377pt x 274.66267pt.
./chapters/chapter4.tex:107: Undefined control sequence.
<argument> \captionof 
                      {Figure 4.5: }{The model loss after incorporating Conv...
l.107 ...fter incorporating Convolutional Layers}}
                                                  
The control sequence at the end of the top line
of your error message was never \def'ed. If you have
misspelled it (e.g., `\hobx'), type `I' and the correct
spelling (e.g., `I\hbox'). Otherwise just continue,
and I'll forget about whatever was undefined.

<images/goodacc.png, id=360, 793.5246pt x 717.6411pt>
File: images/goodacc.png Graphic file (type png)
<use images/goodacc.png>
Package pdftex.def Info: images/goodacc.png  used on input line 114.
(pdftex.def)             Requested size: 303.53377pt x 274.51324pt.
./chapters/chapter4.tex:115: Undefined control sequence.
<argument> \captionof 
                      {Figure 4.6: }{The model accuracy after incorporating ...
l.115 ...fter incorporating Convolutional Layers}}
                                                  
The control sequence at the end of the top line
of your error message was never \def'ed. If you have
misspelled it (e.g., `\hobx'), type `I' and the correct
spelling (e.g., `I\hbox'). Otherwise just continue,
and I'll forget about whatever was undefined.

[21 <./images/badacc.png> <./images/metrics.png>]
Overfull \hbox (15.4977pt too wide) in paragraph at lines 126--129
\OT1/ppl/m/n/12 out-put, which con-sists of the gra-di-ent of the for-ward prop-a-ga-tion end re-sult(derived
 []


Overfull \hbox (0.9049pt too wide) in paragraph at lines 129--130
[]\OT1/ppl/m/n/12 :parameter:output: A \OT1/ppl/m/it/12 ndar-ray \OT1/ppl/m/n/12 where the \OT1/ppl/m/it/12 for-ward \OT1/ppl/m/n/12 func-tion com-pu-ta-tions are stored. 
 []

<images/fwbw.png, id=367, 770.88pt x 734.745pt>
File: images/fwbw.png Graphic file (type png)
<use images/fwbw.png>
Package pdftex.def Info: images/fwbw.png  used on input line 138.
(pdftex.def)             Requested size: 303.53377pt x 289.29616pt.
./chapters/chapter4.tex:139: Undefined control sequence.
<argument> \captionof 
                      {Figure 4.7: }{Data flow throughout the model (image s...
l.139 ...ut the model (image source \cite{fwbw})}}
                                                  
The control sequence at the end of the top line
of your error message was never \def'ed. If you have
misspelled it (e.g., `\hobx'), type `I' and the correct
spelling (e.g., `I\hbox'). Otherwise just continue,
and I'll forget about whatever was undefined.

[22 <./images/goodacc.png>]
<images/conv2d.png, id=378, 924.45375pt x 206.7725pt>
File: images/conv2d.png Graphic file (type png)
<use images/conv2d.png>
Package pdftex.def Info: images/conv2d.png  used on input line 149.
(pdftex.def)             Requested size: 397.48499pt x 88.90413pt.

./chapters/chapter4.tex:150: Undefined control sequence.
<argument> \captionof 
                      {Figure 4.8: Convolutional Neural Network architecture...
l.150 ...ral Network architecture illustration. }}
                                                  
The control sequence at the end of the top line
of your error message was never \def'ed. If you have
misspelled it (e.g., `\hobx'), type `I' and the correct
spelling (e.g., `I\hbox'). Otherwise just continue,
and I'll forget about whatever was undefined.

<images/datapipe.png, id=379, 919.435pt x 139.52126pt>
File: images/datapipe.png Graphic file (type png)
<use images/datapipe.png>
Package pdftex.def Info: images/datapipe.png  used on input line 165.
(pdftex.def)             Requested size: 469.76144pt x 93.95349pt.
./chapters/chapter4.tex:166: Undefined control sequence.
<argument> \captionof 
                      {Figure 4.9: User input handling pipeline}
l.166 ...igure 4.9: User input handling pipeline}}
                                                  
The control sequence at the end of the top line
of your error message was never \def'ed. If you have
misspelled it (e.g., `\hobx'), type `I' and the correct
spelling (e.g., `I\hbox'). Otherwise just continue,
and I'll forget about whatever was undefined.


Overfull \hbox (14.51733pt too wide) in paragraph at lines 165--168
 [][] 
 []

[23 <./images/fwbw.png> <./images/conv2d.png>]
<images/soundenvelope.png, id=387, 451.6875pt x 140.525pt>
File: images/soundenvelope.png Graphic file (type png)
<use images/soundenvelope.png>
Package pdftex.def Info: images/soundenvelope.png  used on input line 188.
(pdftex.def)             Requested size: 451.68639pt x 140.52464pt.

./chapters/chapter4.tex:189: Undefined control sequence.
<argument> \captionof 
                      {Figure 4.10: Sound envelope example (Source \cite {se...
l.189 ...nd envelope example (Source \cite{sev})}}
                                                  
The control sequence at the end of the top line
of your error message was never \def'ed. If you have
misspelled it (e.g., `\hobx'), type `I' and the correct
spelling (e.g., `I\hbox'). Otherwise just continue,
and I'll forget about whatever was undefined.

[24 <./images/datapipe.png> <./images/soundenvelope.png>]
<images/ft.png, id=401, 819.06pt x 467.7475pt>
File: images/ft.png Graphic file (type png)
<use images/ft.png>
Package pdftex.def Info: images/ft.png  used on input line 221.
(pdftex.def)             Requested size: 325.215pt x 185.72533pt.

./chapters/chapter4.tex:222: Undefined control sequence.
<argument> \captionof 
                      {Figure 4.11: Fourier transformation (Source \cite {ft})}
l.222 ...urier transformation (Source \cite{ft})}}
                                                  
The control sequence at the end of the top line
of your error message was never \def'ed. If you have
misspelled it (e.g., `\hobx'), type `I' and the correct
spelling (e.g., `I\hbox'). Otherwise just continue,
and I'll forget about whatever was undefined.

<images/mel.png, id=403, 991.705pt x 664.4825pt>
File: images/mel.png Graphic file (type png)
<use images/mel.png>
Package pdftex.def Info: images/mel.png  used on input line 239.
(pdftex.def)             Requested size: 397.48499pt x 266.32565pt.
./chapters/chapter4.tex:240: Undefined control sequence.
<argument> \captionof 
                      {Figure 4.12: MEL Spectrogram example}
l.240 ...of{Figure 4.12: MEL Spectrogram example}}
                                                  
The control sequence at the end of the top line
of your error message was never \def'ed. If you have
misspelled it (e.g., `\hobx'), type `I' and the correct
spelling (e.g., `I\hbox'). Otherwise just continue,
and I'll forget about whatever was undefined.

[25] [26 <./images/ft.png> <./images/mel.png (PNG copy)>]
<images/basic_interface.png, id=418, 1927.2pt x 1084.05pt>
File: images/basic_interface.png Graphic file (type png)
<use images/basic_interface.png>
Package pdftex.def Info: images/basic_interface.png  used on input line 277.
(pdftex.def)             Requested size: 397.48499pt x 223.57153pt.

./chapters/chapter4.tex:278: Undefined control sequence.
<argument> \captionof 
                      {Figure 4.13: The Graphic User Interface at the start ...
l.278 ...erface at the start of the application.}}
                                                  
The control sequence at the end of the top line
of your error message was never \def'ed. If you have
misspelled it (e.g., `\hobx'), type `I' and the correct
spelling (e.g., `I\hbox'). Otherwise just continue,
and I'll forget about whatever was undefined.

<images/piano.png, id=419, 1927.2pt x 1084.05pt>
File: images/piano.png Graphic file (type png)
<use images/piano.png>
Package pdftex.def Info: images/piano.png  used on input line 284.
(pdftex.def)             Requested size: 397.48499pt x 223.57153pt.
./chapters/chapter4.tex:285: Undefined control sequence.
<argument> \captionof 
                      {Figure 4.14: The Graphic User Interface after predict...
l.285 ...fter predicting a song as a piano song.}}
                                                  
The control sequence at the end of the top line
of your error message was never \def'ed. If you have
misspelled it (e.g., `\hobx'), type `I' and the correct
spelling (e.g., `I\hbox'). Otherwise just continue,
and I'll forget about whatever was undefined.

[27 <./images/basic_interface.png>]
<images/other.png, id=425, 1927.2pt x 1084.05pt>
File: images/other.png Graphic file (type png)
<use images/other.png>
Package pdftex.def Info: images/other.png  used on input line 291.
(pdftex.def)             Requested size: 397.48499pt x 223.57153pt.

./chapters/chapter4.tex:292: Undefined control sequence.
<argument> \captionof 
                      {Figure 4.15: The Graphic User Interface after classif...
l.292 ...face after classifying a song as other.}}
                                                  
The control sequence at the end of the top line
of your error message was never \def'ed. If you have
misspelled it (e.g., `\hobx'), type `I' and the correct
spelling (e.g., `I\hbox'). Otherwise just continue,
and I'll forget about whatever was undefined.

) (./chapters/chapter5.tex [28 <./images/piano.png> <./images/other.png>]
Chapter 5.
<images/usecase1.png, id=432, 1237.62375pt x 717.68124pt>
File: images/usecase1.png Graphic file (type png)
<use images/usecase1.png>
Package pdftex.def Info: images/usecase1.png  used on input line 9.
(pdftex.def)             Requested size: 397.48499pt x 230.49495pt.
./chapters/chapter5.tex:10: Undefined control sequence.
<argument> \captionof 
                      {Figure 4.1: Illustration of the behaviour when the us...
l.10 ...our when the user inputs a correct link.}}
                                                  
The control sequence at the end of the top line
of your error message was never \def'ed. If you have
misspelled it (e.g., `\hobx'), type `I' and the correct
spelling (e.g., `I\hbox'). Otherwise just continue,
and I'll forget about whatever was undefined.

<images/usecase3.png, id=433, 1024.82875pt x 660.4675pt>
File: images/usecase3.png Graphic file (type png)
<use images/usecase3.png>
Package pdftex.def Info: images/usecase3.png  used on input line 18.
(pdftex.def)             Requested size: 397.48499pt x 256.1603pt.
./chapters/chapter5.tex:19: Undefined control sequence.
<argument> \captionof 
                      {Figure 4.2: Illustration of the behaviour when the us...
l.19 ...r when the user inputs an invalid link. }}
                                                  
The control sequence at the end of the top line
of your error message was never \def'ed. If you have
misspelled it (e.g., `\hobx'), type `I' and the correct
spelling (e.g., `I\hbox'). Otherwise just continue,
and I'll forget about whatever was undefined.

[29

 <./images/usecase1.png>]
<images/usecase2.png, id=439, 1204.5pt x 705.63625pt>
File: images/usecase2.png Graphic file (type png)
<use images/usecase2.png>
Package pdftex.def Info: images/usecase2.png  used on input line 28.
(pdftex.def)             Requested size: 397.48499pt x 232.86067pt.

./chapters/chapter5.tex:29: Undefined control sequence.
<argument> \captionof 
                      {Figure 4.3: Illustration of the behaviour when the us...
l.29 ...uts a confusing song to the application.}}
                                                  
The control sequence at the end of the top line
of your error message was never \def'ed. If you have
misspelled it (e.g., `\hobx'), type `I' and the correct
spelling (e.g., `I\hbox'). Otherwise just continue,
and I'll forget about whatever was undefined.

) [30 <./images/usecase3.png> <./images/usecase2.png>] (./chapters/conclusions.tex [31]) [32

]
Overfull \hbox (6.9738pt too wide) in paragraph at lines 62--62
[]\OT1/ppl/m/n/12 Narayan Srini-vasan. ``Build-ing an Au-dio Clas-si-fier us-ing Deep Neu-ral Net-works''.
 []

[33

] [34] (./main.aux)
Package rerunfilecheck Info: File `main.out' has not changed.
(rerunfilecheck)             Checksum: F4B5D5EA561A9E3EAED9C9BD013D28B8;4604.
Package logreq Info: Writing requests to 'main.run.xml'.
 ) 
Here is how much of TeX's memory you used:
 17492 strings out of 479383
 289165 string characters out of 5875830
 1020561 words of memory out of 5000000
 34230 multiletter control sequences out of 15000+600000
 424001 words of font info for 74 fonts, out of 8000000 for 9000
 1141 hyphenation exceptions out of 8191
 66i,6n,73p,794b,2000s stack positions out of 5000i,500n,10000p,200000b,80000s
{/usr/share/texmf-dist/fonts/enc/dvips/base/8r.enc}</usr/share/texmf-dist/fonts/type1/public/amsfonts/cm/cmmi12.pfb></usr/share/texmf-dist/fonts/type1/public/amsfonts/cm/cmr12.pfb></usr/share/texmf-dist/fonts/type1/urw/palatino/uplb8a.pfb></usr/share/texmf-dist/fonts/type1/urw/palatino/uplr8a.pfb></usr/share/texmf-dist/fonts/type1/urw/palatino/uplri8a.pfb>
Output written on main.pdf (39 pages, 2399824 bytes).
PDF statistics:
 514 PDF objects out of 1000 (max. 8388607)
 410 compressed objects within 5 object streams
 110 named destinations out of 1000 (max. 500000)
 424 words of extra memory for PDF output out of 10000 (max. 10000000)

